# JRE version: OpenJDK Runtime Environment AdoptOpenJDK (11.0.10+9) (build 11.0.10+9)
# Java VM: OpenJDK 64-Bit Server VM AdoptOpenJDK (11.0.10+9, mixed mode, tiered, compressed oops, g1 gc, windows-amd64)
Heap:
 garbage-first heap   total 260096K, used 196625K [0x0000000703000000, 0x0000000800000000)
  region size 1024K, 83 young (84992K), 8 survivors (8192K)
 Metaspace       used 41600K, capacity 42237K, committed 42416K, reserved 1087488K
  class space    used 5078K, capacity 5337K, committed 5376K, reserved 1048576K
GC Heap History (20 events):
Event: 8.467 GC heap before
{Heap before GC invocations=6 (full 0):
 garbage-first heap   total 260096K, used 145665K [0x0000000703000000, 0x0000000800000000)
  region size 1024K, 90 young (92160K), 3 survivors (3072K)
 Metaspace       used 33610K, capacity 34129K, committed 34224K, reserved 1079296K
  class space    used 4075K, capacity 4287K, committed 4352K, reserved 1048576K
}
Event: 8.475 GC heap after
{Heap after GC invocations=7 (full 0):
 garbage-first heap   total 260096K, used 60273K [0x0000000703000000, 0x0000000800000000)
  region size 1024K, 7 young (7168K), 7 survivors (7168K)
 Metaspace       used 33610K, capacity 34129K, committed 34224K, reserved 1079296K
  class space    used 4075K, capacity 4287K, committed 4352K, reserved 1048576K
}
Event: 9.195 GC heap before
{Heap before GC invocations=8 (full 0):
 garbage-first heap   total 260096K, used 144241K [0x0000000703000000, 0x0000000800000000)
  region size 1024K, 108 young (110592K), 7 survivors (7168K)
 Metaspace       used 37187K, capacity 37787K, committed 38064K, reserved 1083392K
  class space    used 4575K, capacity 4826K, committed 4864K, reserved 1048576K
}
Event: 9.199 GC heap after
{Heap after GC invocations=9 (full 0):
 garbage-first heap   total 260096K, used 42418K [0x0000000703000000, 0x0000000800000000)
  region size 1024K, 9 young (9216K), 9 survivors (9216K)
 Metaspace       used 37187K, capacity 37787K, committed 38064K, reserved 1083392K
  class space    used 4575K, capacity 4826K, committed 4864K, reserved 1048576K
}
Event: 10.967 GC heap before
{Heap before GC invocations=9 (full 0):
 garbage-first heap   total 260096K, used 151986K [0x0000000703000000, 0x0000000800000000)
  region size 1024K, 38 young (38912K), 9 survivors (9216K)
 Metaspace       used 38885K, capacity 39475K, committed 39600K, reserved 1083392K
  class space    used 4783K, capacity 5028K, committed 5120K, reserved 1048576K
}
Event: 10.975 GC heap after
{Heap after GC invocations=10 (full 0):
 garbage-first heap   total 260096K, used 79665K [0x0000000703000000, 0x0000000800000000)
  region size 1024K, 9 young (9216K), 9 survivors (9216K)
 Metaspace       used 38885K, capacity 39475K, committed 39600K, reserved 1083392K
  class space    used 4783K, capacity 5028K, committed 5120K, reserved 1048576K
}
Event: 11.189 GC heap before
{Heap before GC invocations=11 (full 0):
 garbage-first heap   total 260096K, used 128817K [0x0000000703000000, 0x0000000800000000)
  region size 1024K, 16 young (16384K), 9 survivors (9216K)
 Metaspace       used 38981K, capacity 39574K, committed 39856K, reserved 1083392K
  class space    used 4785K, capacity 5061K, committed 5120K, reserved 1048576K
}
Event: 11.194 GC heap after
{Heap after GC invocations=12 (full 0):
 garbage-first heap   total 260096K, used 68684K [0x0000000703000000, 0x0000000800000000)
  region size 1024K, 8 young (8192K), 8 survivors (8192K)
 Metaspace       used 38981K, capacity 39574K, committed 39856K, reserved 1083392K
  class space    used 4785K, capacity 5061K, committed 5120K, reserved 1048576K
}
Event: 11.319 GC heap before
{Heap before GC invocations=13 (full 0):
 garbage-first heap   total 260096K, used 130124K [0x0000000703000000, 0x0000000800000000)
  region size 1024K, 15 young (15360K), 8 survivors (8192K)
 Metaspace       used 39104K, capacity 39766K, committed 39856K, reserved 1083392K
  class space    used 4785K, capacity 5061K, committed 5120K, reserved 1048576K
}
Event: 11.326 GC heap after
{Heap after GC invocations=14 (full 0):
 garbage-first heap   total 260096K, used 74786K [0x0000000703000000, 0x0000000800000000)
  region size 1024K, 8 young (8192K), 8 survivors (8192K)
 Metaspace       used 39104K, capacity 39766K, committed 39856K, reserved 1083392K
  class space    used 4785K, capacity 5061K, committed 5120K, reserved 1048576K
}
Event: 12.123 GC heap before
{Heap before GC invocations=15 (full 0):
 garbage-first heap   total 260096K, used 131106K [0x0000000703000000, 0x0000000800000000)
  region size 1024K, 17 young (17408K), 8 survivors (8192K)
 Metaspace       used 39199K, capacity 39830K, committed 40112K, reserved 1085440K
  class space    used 4787K, capacity 5061K, committed 5120K, reserved 1048576K
}
Event: 12.128 GC heap after
{Heap after GC invocations=16 (full 0):
 garbage-first heap   total 260096K, used 75171K [0x0000000703000000, 0x0000000800000000)
  region size 1024K, 8 young (8192K), 8 survivors (8192K)
 Metaspace       used 39199K, capacity 39830K, committed 40112K, reserved 1085440K
  class space    used 4787K, capacity 5061K, committed 5120K, reserved 1048576K
}
Event: 12.718 GC heap before
{Heap before GC invocations=17 (full 0):
 garbage-first heap   total 260096K, used 130467K [0x0000000703000000, 0x0000000800000000)
  region size 1024K, 15 young (15360K), 8 survivors (8192K)
 Metaspace       used 39242K, capacity 39894K, committed 40112K, reserved 1085440K
  class space    used 4787K, capacity 5061K, committed 5120K, reserved 1048576K
}
Event: 12.722 GC heap after
{Heap after GC invocations=18 (full 0):
 garbage-first heap   total 260096K, used 77840K [0x0000000703000000, 0x0000000800000000)
  region size 1024K, 8 young (8192K), 8 survivors (8192K)
 Metaspace       used 39242K, capacity 39894K, committed 40112K, reserved 1085440K
  class space    used 4787K, capacity 5061K, committed 5120K, reserved 1048576K
}
Event: 13.098 GC heap before
{Heap before GC invocations=19 (full 0):
 garbage-first heap   total 260096K, used 128016K [0x0000000703000000, 0x0000000800000000)
  region size 1024K, 13 young (13312K), 8 survivors (8192K)
 Metaspace       used 39265K, capacity 39958K, committed 40112K, reserved 1085440K
  class space    used 4787K, capacity 5061K, committed 5120K, reserved 1048576K
}
Event: 13.102 GC heap after
{Heap after GC invocations=20 (full 0):
 garbage-first heap   total 260096K, used 74604K [0x0000000703000000, 0x0000000800000000)
  region size 1024K, 8 young (8192K), 8 survivors (8192K)
 Metaspace       used 39265K, capacity 39958K, committed 40112K, reserved 1085440K
  class space    used 4787K, capacity 5061K, committed 5120K, reserved 1048576K
}
Event: 14.046 GC heap before
{Heap before GC invocations=21 (full 0):
 garbage-first heap   total 260096K, used 128876K [0x0000000703000000, 0x0000000800000000)
  region size 1024K, 14 young (14336K), 8 survivors (8192K)
 Metaspace       used 39294K, capacity 39958K, committed 40112K, reserved 1085440K
  class space    used 4787K, capacity 5061K, committed 5120K, reserved 1048576K
}
Event: 14.050 GC heap after
{Heap after GC invocations=22 (full 0):
 garbage-first heap   total 260096K, used 71702K [0x0000000703000000, 0x0000000800000000)
  region size 1024K, 8 young (8192K), 8 survivors (8192K)
 Metaspace       used 39294K, capacity 39958K, committed 40112K, reserved 1085440K
  class space    used 4787K, capacity 5061K, committed 5120K, reserved 1048576K
}
Event: 14.344 GC heap before
{Heap before GC invocations=23 (full 0):
 garbage-first heap   total 260096K, used 130070K [0x0000000703000000, 0x0000000800000000)
  region size 1024K, 15 young (15360K), 8 survivors (8192K)
 Metaspace       used 39327K, capacity 40022K, committed 40112K, reserved 1085440K
  class space    used 4787K, capacity 5061K, committed 5120K, reserved 1048576K
}
Event: 14.353 GC heap after
{Heap after GC invocations=24 (full 0):
 garbage-first heap   total 260096K, used 74769K [0x0000000703000000, 0x0000000800000000)
  region size 1024K, 8 young (8192K), 8 survivors (8192K)
 Metaspace       used 39327K, capacity 40022K, committed 40112K, reserved 1085440K
  class space    used 4787K, capacity 5061K, committed 5120K, reserved 1048576K
}

